生成启动时间为 2018/9/10 17:00:22。
     1>项目“c:\Users\wuxiapeng\documents\visual studio 2010\Projects\Hello\Hello\Hello.vcxproj”在节点 2 上(build 个目标)。
     1>InitializeBuildStatus:
         正在创建“x64\Release\Hello.unsuccessfulbuild”，因为已指定“AlwaysCreate”。
       ClCompile:
         所有输出均为最新。
         C:\Program Files (x86)\Microsoft Visual Studio 10.0\VC\bin\x86_amd64\CL.exe /c /Zi /nologo /W3 /WX- /O2 /Oi /GL /D WIN32 /D NDEBUG /D _CONSOLE /D _UNICODE /D UNICODE /Gm- /EHsc /MD /GS /Gy /fp:precise /Zc:wchar_t /Zc:forScope /Yu"StdAfx.h" /Fp"x64\Release\Hello.pch" /Fo"x64\Release\\" /Fd"x64\Release\vc100.pdb" /Gd /TP /errorReport:prompt Hello.cpp
         Hello.cpp
     1>Hello.cpp(155): warning C4244: “初始化”: 从“Py_ssize_t”转换到“int”，可能丢失数据
     1>Hello.cpp(151): warning C4101: “py_tuple”: 未引用的局部变量
       Link:
         C:\Program Files (x86)\Microsoft Visual Studio 10.0\VC\bin\x86_amd64\link.exe /ERRORREPORT:PROMPT /OUT:"c:\users\wuxiapeng\documents\visual studio 2010\Projects\Hello\x64\Release\Hello.exe" /INCREMENTAL:NO /NOLOGO python36.lib kernel32.lib user32.lib gdi32.lib winspool.lib comdlg32.lib advapi32.lib shell32.lib ole32.lib oleaut32.lib uuid.lib odbc32.lib odbccp32.lib /MANIFEST /ManifestFile:"x64\Release\Hello.exe.intermediate.manifest" /MANIFESTUAC:"level='asInvoker' uiAccess='false'" /DEBUG /PDB:"c:\users\wuxiapeng\documents\visual studio 2010\Projects\Hello\x64\Release\Hello.pdb" /SUBSYSTEM:CONSOLE /OPT:REF /OPT:ICF /LTCG /TLBID:1 /DYNAMICBASE /NXCOMPAT /IMPLIB:"c:\users\wuxiapeng\documents\visual studio 2010\Projects\Hello\x64\Release\Hello.lib" /MACHINE:X64 x64\Release\Hello.obj
         x64\Release\stdafx.obj
         正在生成代码
         已完成代码的生成
         Hello.vcxproj -> c:\users\wuxiapeng\documents\visual studio 2010\Projects\Hello\x64\Release\Hello.exe
       Manifest:
         C:\Program Files (x86)\Microsoft SDKs\Windows\v7.0A\bin\mt.exe /nologo /verbose /outputresource:"c:\users\wuxiapeng\documents\visual studio 2010\Projects\Hello\x64\Release\Hello.exe;#1" /manifest x64\Release\Hello.exe.intermediate.manifest
       FinalizeBuildStatus:
         正在删除文件“x64\Release\Hello.unsuccessfulbuild”。
         正在对“x64\Release\Hello.lastbuildstate”执行 Touch 任务。
     1>已完成生成项目“c:\Users\wuxiapeng\documents\visual studio 2010\Projects\Hello\Hello\Hello.vcxproj”(build 个目标)的操作。

生成成功。

已用时间 00:00:00.71
